#0 building with "default" instance using docker driver

#1 [internal] load build definition from Dockerfile.prod
#1 transferring dockerfile: 246B done
#1 DONE 0.0s

#2 [auth] library/node:pull token for registry-1.docker.io
#2 DONE 0.0s

#3 [internal] load metadata for docker.io/library/node:18-alpine
#3 DONE 0.4s

#4 [internal] load .dockerignore
#4 transferring context: 2B done
#4 DONE 0.0s

#5 [1/7] FROM docker.io/library/node:18-alpine@sha256:8d6421d663b4c28fd3ebc498332f249011d118945588d0a35cb9bc4b8ca09d9e
#5 DONE 0.0s

#6 [internal] load build context
#6 transferring context: 1.13kB done
#6 DONE 0.0s

#7 [2/7] WORKDIR /app
#7 CACHED

#8 [3/7] COPY package*.json ./
#8 CACHED

#9 [4/7] RUN npm ci
#9 1.392 npm error code EUSAGE
#9 1.394 npm error
#9 1.394 npm error The `npm ci` command can only install with an existing package-lock.json or
#9 1.394 npm error npm-shrinkwrap.json with lockfileVersion >= 1. Run an install with npm@5 or
#9 1.394 npm error later to generate a package-lock.json file, then try again.
#9 1.394 npm error
#9 1.394 npm error Clean install a project
#9 1.394 npm error
#9 1.394 npm error Usage:
#9 1.394 npm error npm ci
#9 1.394 npm error
#9 1.394 npm error Options:
#9 1.394 npm error [--install-strategy <hoisted|nested|shallow|linked>] [--legacy-bundling]
#9 1.394 npm error [--global-style] [--omit <dev|optional|peer> [--omit <dev|optional|peer> ...]]
#9 1.394 npm error [--include <prod|dev|optional|peer> [--include <prod|dev|optional|peer> ...]]
#9 1.394 npm error [--strict-peer-deps] [--foreground-scripts] [--ignore-scripts] [--no-audit]
#9 1.394 npm error [--no-bin-links] [--no-fund] [--dry-run]
#9 1.394 npm error [-w|--workspace <workspace-name> [-w|--workspace <workspace-name> ...]]
#9 1.394 npm error [-ws|--workspaces] [--include-workspace-root] [--install-links]
#9 1.394 npm error
#9 1.394 npm error aliases: clean-install, ic, install-clean, isntall-clean
#9 1.394 npm error
#9 1.394 npm error Run "npm help ci" for more info
#9 1.397 npm error A complete log of this run can be found in: /root/.npm/_logs/2025-12-11T15_33_37_683Z-debug-0.log
#9 ERROR: process "/bin/sh -c npm ci" did not complete successfully: exit code: 1
------
 > [4/7] RUN npm ci:
1.394 npm error [--include <prod|dev|optional|peer> [--include <prod|dev|optional|peer> ...]]
1.394 npm error [--strict-peer-deps] [--foreground-scripts] [--ignore-scripts] [--no-audit]
1.394 npm error [--no-bin-links] [--no-fund] [--dry-run]
1.394 npm error [-w|--workspace <workspace-name> [-w|--workspace <workspace-name> ...]]
1.394 npm error [-ws|--workspaces] [--include-workspace-root] [--install-links]
1.394 npm error
1.394 npm error aliases: clean-install, ic, install-clean, isntall-clean
1.394 npm error
1.394 npm error Run "npm help ci" for more info
1.397 npm error A complete log of this run can be found in: /root/.npm/_logs/2025-12-11T15_33_37_683Z-debug-0.log
------
Dockerfile.prod:4
--------------------
   2 |     WORKDIR /app
   3 |     COPY package*.json ./
   4 | >>> RUN npm ci
   5 |     COPY . .
   6 |     # Remplacer api.ts par api.prod.ts
--------------------
ERROR: failed to build: failed to solve: process "/bin/sh -c npm ci" did not complete successfully: exit code: 1
